Started calculating 22079925932281979779 with h = 168.
Prime number - l for number:
[2] - 64
[3] - 40
[5] - 27
[7] - 22
[11] - 18
[13] - 17
[17] - 15
[19] - 15
[23] - 14
[29] - 13
[31] - 12
[37] - 12
[41] - 11
[43] - 11
[47] - 11
[53] - 11
[59] - 10
[61] - 10
[67] - 10
[71] - 10
[73] - 10
[79] - 10
[83] - 10
[89] - 9
[97] - 9
[101] - 9
[103] - 9
[107] - 9
[109] - 9
[113] - 9
[127] - 9
[131] - 9
[137] - 9
[139] - 9
[149] - 8
[151] - 8
[157] - 8
[163] - 8
[167] - 8
[173] - 8
[179] - 8
[181] - 8
[191] - 8
[193] - 8
[197] - 8
[199] - 8
[211] - 8
[223] - 8
[227] - 8
[229] - 8
[233] - 8
[239] - 8
[241] - 8
[251] - 8
[257] - 8
[263] - 7
[269] - 7
[271] - 7
[277] - 7
[281] - 7
[283] - 7
[293] - 7
[307] - 7
[311] - 7
[313] - 7
[317] - 7
[331] - 7
[337] - 7
[347] - 7
[349] - 7
[353] - 7
[359] - 7
[367] - 7
[373] - 7
[379] - 7
[383] - 7
[389] - 7
[397] - 7
[401] - 7
[409] - 7
[419] - 7
[421] - 7
[431] - 7
[433] - 7
[439] - 7
[443] - 7
[449] - 7
[457] - 7
[461] - 7
[463] - 7
[467] - 7
[479] - 7
[487] - 7
[491] - 7
[499] - 7
[503] - 7
[509] - 7
[521] - 7
[523] - 7
[541] - 7
[547] - 7
[557] - 7
[563] - 7
[569] - 7
[571] - 7
[577] - 7
[587] - 6
[593] - 6
[599] - 6
[601] - 6
[607] - 6
[613] - 6
[617] - 6
[619] - 6
[631] - 6
[641] - 6
[643] - 6
[647] - 6
[653] - 6
[659] - 6
[661] - 6
[673] - 6
[677] - 6
[683] - 6
[691] - 6
[701] - 6
[709] - 6
[719] - 6
[727] - 6
[733] - 6
[739] - 6
[743] - 6
[751] - 6
[757] - 6
[761] - 6
[769] - 6
[773] - 6
[787] - 6
[797] - 6
[809] - 6
[811] - 6
[821] - 6
[823] - 6
[827] - 6
[829] - 6
[839] - 6
[853] - 6
[857] - 6
[859] - 6
[863] - 6
[877] - 6
[881] - 6
[883] - 6
[887] - 6
[907] - 6
[911] - 6
[919] - 6
[929] - 6
[937] - 6
[941] - 6
[947] - 6
[953] - 6
[967] - 6
[971] - 6
[977] - 6
[983] - 6
[991] - 6
[997] - 6
Calculated: [True] 2978456713 * 7413210283 at 4948500ns.