Started calculating 925741396055058974259721588054691004169 with h = 168.
Prime number - l for number:
[2] - 129
[3] - 81
[5] - 55
[7] - 46
[11] - 37
[13] - 34
[17] - 31
[19] - 30
[23] - 28
[29] - 26
[31] - 26
[37] - 24
[41] - 24
[43] - 23
[47] - 23
[53] - 22
[59] - 22
[61] - 21
[67] - 21
[71] - 21
[73] - 20
[79] - 20
[83] - 20
[89] - 19
[97] - 19
[101] - 19
[103] - 19
[107] - 19
[109] - 19
[113] - 18
[127] - 18
[131] - 18
[137] - 18
[139] - 18
[149] - 17
[151] - 17
[157] - 17
[163] - 17
[167] - 17
[173] - 17
[179] - 17
[181] - 17
[191] - 17
[193] - 17
[197] - 16
[199] - 16
[211] - 16
[223] - 16
[227] - 16
[229] - 16
[233] - 16
[239] - 16
[241] - 16
[251] - 16
[257] - 16
[263] - 16
[269] - 16
[271] - 16
[277] - 15
[281] - 15
[283] - 15
[293] - 15
[307] - 15
[311] - 15
[313] - 15
[317] - 15
[331] - 15
[337] - 15
[347] - 15
[349] - 15
[353] - 15
[359] - 15
[367] - 15
[373] - 15
[379] - 15
[383] - 15
[389] - 15
[397] - 14
[401] - 14
[409] - 14
[419] - 14
[421] - 14
[431] - 14
[433] - 14
[439] - 14
[443] - 14
[449] - 14
[457] - 14
[461] - 14
[463] - 14
[467] - 14
[479] - 14
[487] - 14
[491] - 14
[499] - 14
[503] - 14
[509] - 14
[521] - 14
[523] - 14
[541] - 14
[547] - 14
[557] - 14
[563] - 14
[569] - 14
[571] - 14
[577] - 14
[587] - 14
[593] - 14
[599] - 14
[601] - 14
[607] - 14
[613] - 13
[617] - 13
[619] - 13
[631] - 13
[641] - 13
[643] - 13
[647] - 13
[653] - 13
[659] - 13
[661] - 13
[673] - 13
[677] - 13
[683] - 13
[691] - 13
[701] - 13
[709] - 13
[719] - 13
[727] - 13
[733] - 13
[739] - 13
[743] - 13
[751] - 13
[757] - 13
[761] - 13
[769] - 13
[773] - 13
[787] - 13
[797] - 13
[809] - 13
[811] - 13
[821] - 13
[823] - 13
[827] - 13
[829] - 13
[839] - 13
[853] - 13
[857] - 13
[859] - 13
[863] - 13
[877] - 13
[881] - 13
[883] - 13
[887] - 13
[907] - 13
[911] - 13
[919] - 13
[929] - 13
[937] - 13
[941] - 13
[947] - 13
[953] - 13
[967] - 13
[971] - 13
[977] - 13
[983] - 13
[991] - 13
[997] - 12
[!] Small B