Started calculating 925741396055058974259721588054691004169 with h = 1229.
Prime number - l for number:
[2] - 129
[3] - 81
[5] - 55
[7] - 46
[11] - 37
[13] - 34
[17] - 31
[19] - 30
[23] - 28
[29] - 26
[31] - 26
[37] - 24
[41] - 24
[43] - 23
[47] - 23
[53] - 22
[59] - 22
[61] - 21
[67] - 21
[71] - 21
[73] - 20
[79] - 20
[83] - 20
[89] - 19
[97] - 19
[101] - 19
[103] - 19
[107] - 19
[109] - 19
[113] - 18
[127] - 18
[131] - 18
[137] - 18
[139] - 18
[149] - 17
[151] - 17
[157] - 17
[163] - 17
[167] - 17
[173] - 17
[179] - 17
[181] - 17
[191] - 17
[193] - 17
[197] - 16
[199] - 16
[211] - 16
[223] - 16
[227] - 16
[229] - 16
[233] - 16
[239] - 16
[241] - 16
[251] - 16
[257] - 16
[263] - 16
[269] - 16
[271] - 16
[277] - 15
[281] - 15
[283] - 15
[293] - 15
[307] - 15
[311] - 15
[313] - 15
[317] - 15
[331] - 15
[337] - 15
[347] - 15
[349] - 15
[353] - 15
[359] - 15
[367] - 15
[373] - 15
[379] - 15
[383] - 15
[389] - 15
[397] - 14
[401] - 14
[409] - 14
[419] - 14
[421] - 14
[431] - 14
[433] - 14
[439] - 14
[443] - 14
[449] - 14
[457] - 14
[461] - 14
[463] - 14
[467] - 14
[479] - 14
[487] - 14
[491] - 14
[499] - 14
[503] - 14
[509] - 14
[521] - 14
[523] - 14
[541] - 14
[547] - 14
[557] - 14
[563] - 14
[569] - 14
[571] - 14
[577] - 14
[587] - 14
[593] - 14
[599] - 14
[601] - 14
[607] - 14
[613] - 13
[617] - 13
[619] - 13
[631] - 13
[641] - 13
[643] - 13
[647] - 13
[653] - 13
[659] - 13
[661] - 13
[673] - 13
[677] - 13
[683] - 13
[691] - 13
[701] - 13
[709] - 13
[719] - 13
[727] - 13
[733] - 13
[739] - 13
[743] - 13
[751] - 13
[757] - 13
[761] - 13
[769] - 13
[773] - 13
[787] - 13
[797] - 13
[809] - 13
[811] - 13
[821] - 13
[823] - 13
[827] - 13
[829] - 13
[839] - 13
[853] - 13
[857] - 13
[859] - 13
[863] - 13
[877] - 13
[881] - 13
[883] - 13
[887] - 13
[907] - 13
[911] - 13
[919] - 13
[929] - 13
[937] - 13
[941] - 13
[947] - 13
[953] - 13
[967] - 13
[971] - 13
[977] - 13
[983] - 13
[991] - 13
[997] - 12
[1009] - 12
[1013] - 12
[1019] - 12
[1021] - 12
[1031] - 12
[1033] - 12
[1039] - 12
[1049] - 12
[1051] - 12
[1061] - 12
[1063] - 12
[1069] - 12
[1087] - 12
[1091] - 12
[1093] - 12
[1097] - 12
[1103] - 12
[1109] - 12
[1117] - 12
[1123] - 12
[1129] - 12
[1151] - 12
[1153] - 12
[1163] - 12
[1171] - 12
[1181] - 12
[1187] - 12
[1193] - 12
[1201] - 12
[1213] - 12
[1217] - 12
[1223] - 12
[1229] - 12
[1231] - 12
[1237] - 12
[1249] - 12
[1259] - 12
[1277] - 12
[1279] - 12
[1283] - 12
[1289] - 12
[1291] - 12
[1297] - 12
[1301] - 12
[1303] - 12
[1307] - 12
[1319] - 12
[1321] - 12
[1327] - 12
[1361] - 12
[1367] - 12
[1373] - 12
[1381] - 12
[1399] - 12
[1409] - 12
[1423] - 12
[1427] - 12
[1429] - 12
[1433] - 12
[1439] - 12
[1447] - 12
[1451] - 12
[1453] - 12
[1459] - 12
[1471] - 12
[1481] - 12
[1483] - 12
[1487] - 12
[1489] - 12
[1493] - 12
[1499] - 12
[1511] - 12
[1523] - 12
[1531] - 12
[1543] - 12
[1549] - 12
[1553] - 12
[1559] - 12
[1567] - 12
[1571] - 12
[1579] - 12
[1583] - 12
[1597] - 12
[1601] - 12
[1607] - 12
[1609] - 12
[1613] - 12
[1619] - 12
[1621] - 12
[1627] - 12
[1637] - 12
[1657] - 12
[1663] - 12
[1667] - 12
[1669] - 12
[1693] - 12
[1697] - 12
[1699] - 12
[1709] - 12
[1721] - 12
[1723] - 12
[1733] - 12
[1741] - 12
[1747] - 12
[1753] - 12
[1759] - 12
[1777] - 11
[1783] - 11
[1787] - 11
[1789] - 11
[1801] - 11
[1811] - 11
[1823] - 11
[1831] - 11
[1847] - 11
[1861] - 11
[1867] - 11
[1871] - 11
[1873] - 11
[1877] - 11
[1879] - 11
[1889] - 11
[1901] - 11
[1907] - 11
[1913] - 11
[1931] - 11
[1933] - 11
[1949] - 11
[1951] - 11
[1973] - 11
[1979] - 11
[1987] - 11
[1993] - 11
[1997] - 11
[1999] - 11
[2003] - 11
[2011] - 11
[2017] - 11
[2027] - 11
[2029] - 11
[2039] - 11
[2053] - 11
[2063] - 11
[2069] - 11
[2081] - 11
[2083] - 11
[2087] - 11
[2089] - 11
[2099] - 11
[2111] - 11
[2113] - 11
[2129] - 11
[2131] - 11
[2137] - 11
[2141] - 11
[2143] - 11
[2153] - 11
[2161] - 11
[2179] - 11
[2203] - 11
[2207] - 11
[2213] - 11
[2221] - 11
[2237] - 11
[2239] - 11
[2243] - 11
[2251] - 11
[2267] - 11
[2269] - 11
[2273] - 11
[2281] - 11
[2287] - 11
[2293] - 11
[2297] - 11
[2309] - 11
[2311] - 11
[2333] - 11
[2339] - 11
[2341] - 11
[2347] - 11
[2351] - 11
[2357] - 11
[2371] - 11
[2377] - 11
[2381] - 11
[2383] - 11
[2389] - 11
[2393] - 11
[2399] - 11
[2411] - 11
[2417] - 11
[2423] - 11
[2437] - 11
[2441] - 11
[2447] - 11
[2459] - 11
[2467] - 11
[2473] - 11
[2477] - 11
[2503] - 11
[2521] - 11
[2531] - 11
[2539] - 11
[2543] - 11
[2549] - 11
[2551] - 11
[2557] - 11
[2579] - 11
[2591] - 11
[2593] - 11
[2609] - 11
[2617] - 11
[2621] - 11
[2633] - 11
[2647] - 11
[2657] - 11
[2659] - 11
[2663] - 11
[2671] - 11
[2677] - 11
[2683] - 11
[2687] - 11
[2689] - 11
[2693] - 11
[2699] - 11
[2707] - 11
[2711] - 11
[2713] - 11
[2719] - 11
[2729] - 11
[2731] - 11
[2741] - 11
[2749] - 11
[2753] - 11
[2767] - 11
[2777] - 11
[2789] - 11
[2791] - 11
[2797] - 11
[2801] - 11
[2803] - 11
[2819] - 11
[2833] - 11
[2837] - 11
[2843] - 11
[2851] - 11
[2857] - 11
[2861] - 11
[2879] - 11
[2887] - 11
[2897] - 11
[2903] - 11
[2909] - 11
[2917] - 11
[2927] - 11
[2939] - 11
[2953] - 11
[2957] - 11
[2963] - 11
[2969] - 11
[2971] - 11
[2999] - 11
[3001] - 11
[3011] - 11
[3019] - 11
[3023] - 11
[3037] - 11
[3041] - 11
[3049] - 11
[3061] - 11
[3067] - 11
[3079] - 11
[3083] - 11
[3089] - 11
[3109] - 11
[3119] - 11
[3121] - 11
[3137] - 11
[3163] - 11
[3167] - 11
[3169] - 11
[3181] - 11
[3187] - 11
[3191] - 11
[3203] - 11
[3209] - 11
[3217] - 11
[3221] - 11
[3229] - 11
[3251] - 11
[3253] - 11
[3257] - 11
[3259] - 11
[3271] - 11
[3299] - 11
[3301] - 11
[3307] - 11
[3313] - 11
[3319] - 11
[3323] - 11
[3329] - 11
[3331] - 11
[3343] - 11
[3347] - 11
[3359] - 11
[3361] - 11
[3371] - 11
[3373] - 11
[3389] - 11
[3391] - 11
[3407] - 11
[3413] - 11
[3433] - 11
[3449] - 11
[3457] - 11
[3461] - 11
[3463] - 11
[3467] - 11
[3469] - 11
[3491] - 10
[3499] - 10
[3511] - 10
[3517] - 10
[3527] - 10
[3529] - 10
[3533] - 10
[3539] - 10
[3541] - 10
[3547] - 10
[3557] - 10
[3559] - 10
[3571] - 10
[3581] - 10
[3583] - 10
[3593] - 10
[3607] - 10
[3613] - 10
[3617] - 10
[3623] - 10
[3631] - 10
[3637] - 10
[3643] - 10
[3659] - 10
[3671] - 10
[3673] - 10
[3677] - 10
[3691] - 10
[3697] - 10
[3701] - 10
[3709] - 10
[3719] - 10
[3727] - 10
[3733] - 10
[3739] - 10
[3761] - 10
[3767] - 10
[3769] - 10
[3779] - 10
[3793] - 10
[3797] - 10
[3803] - 10
[3821] - 10
[3823] - 10
[3833] - 10
[3847] - 10
[3851] - 10
[3853] - 10
[3863] - 10
[3877] - 10
[3881] - 10
[3889] - 10
[3907] - 10
[3911] - 10
[3917] - 10
[3919] - 10
[3923] - 10
[3929] - 10
[3931] - 10
[3943] - 10
[3947] - 10
[3967] - 10
[3989] - 10
[4001] - 10
[4003] - 10
[4007] - 10
[4013] - 10
[4019] - 10
[4021] - 10
[4027] - 10
[4049] - 10
[4051] - 10
[4057] - 10
[4073] - 10
[4079] - 10
[4091] - 10
[4093] - 10
[4099] - 10
[4111] - 10
[4127] - 10
[4129] - 10
[4133] - 10
[4139] - 10
[4153] - 10
[4157] - 10
[4159] - 10
[4177] - 10
[4201] - 10
[4211] - 10
[4217] - 10
[4219] - 10
[4229] - 10
[4231] - 10
[4241] - 10
[4243] - 10
[4253] - 10
[4259] - 10
[4261] - 10
[4271] - 10
[4273] - 10
[4283] - 10
[4289] - 10
[4297] - 10
[4327] - 10
[4337] - 10
[4339] - 10
[4349] - 10
[4357] - 10
[4363] - 10
[4373] - 10
[4391] - 10
[4397] - 10
[4409] - 10
[4421] - 10
[4423] - 10
[4441] - 10
[4447] - 10
[4451] - 10
[4457] - 10
[4463] - 10
[4481] - 10
[4483] - 10
[4493] - 10
[4507] - 10
[4513] - 10
[4517] - 10
[4519] - 10
[4523] - 10
[4547] - 10
[4549] - 10
[4561] - 10
[4567] - 10
[4583] - 10
[4591] - 10
[4597] - 10
[4603] - 10
[4621] - 10
[4637] - 10
[4639] - 10
[4643] - 10
[4649] - 10
[4651] - 10
[4657] - 10
[4663] - 10
[4673] - 10
[4679] - 10
[4691] - 10
[4703] - 10
[4721] - 10
[4723] - 10
[4729] - 10
[4733] - 10
[4751] - 10
[4759] - 10
[4783] - 10
[4787] - 10
[4789] - 10
[4793] - 10
[4799] - 10
[4801] - 10
[4813] - 10
[4817] - 10
[4831] - 10
[4861] - 10
[4871] - 10
[4877] - 10
[4889] - 10
[4903] - 10
[4909] - 10
[4919] - 10
[4931] - 10
[4933] - 10
[4937] - 10
[4943] - 10
[4951] - 10
[4957] - 10
[4967] - 10
[4969] - 10
[4973] - 10
[4987] - 10
[4993] - 10
[4999] - 10
[5003] - 10
[5009] - 10
[5011] - 10
[5021] - 10
[5023] - 10
[5039] - 10
[5051] - 10
[5059] - 10
[5077] - 10
[5081] - 10
[5087] - 10
[5099] - 10
[5101] - 10
[5107] - 10
[5113] - 10
[5119] - 10
[5147] - 10
[5153] - 10
[5167] - 10
[5171] - 10
[5179] - 10
[5189] - 10
[5197] - 10
[5209] - 10
[5227] - 10
[5231] - 10
[5233] - 10
[5237] - 10
[5261] - 10
[5273] - 10
[5279] - 10
[5281] - 10
[5297] - 10
[5303] - 10
[5309] - 10
[5323] - 10
[5333] - 10
[5347] - 10
[5351] - 10
[5381] - 10
[5387] - 10
[5393] - 10
[5399] - 10
[5407] - 10
[5413] - 10
[5417] - 10
[5419] - 10
[5431] - 10
[5437] - 10
[5441] - 10
[5443] - 10
[5449] - 10
[5471] - 10
[5477] - 10
[5479] - 10
[5483] - 10
[5501] - 10
[5503] - 10
[5507] - 10
[5519] - 10
[5521] - 10
[5527] - 10
[5531] - 10
[5557] - 10
[5563] - 10
[5569] - 10
[5573] - 10
[5581] - 10
[5591] - 10
[5623] - 10
[5639] - 10
[5641] - 10
[5647] - 10
[5651] - 10
[5653] - 10
[5657] - 10
[5659] - 10
[5669] - 10
[5683] - 10
[5689] - 10
[5693] - 10
[5701] - 10
[5711] - 10
[5717] - 10
[5737] - 10
[5741] - 10
[5743] - 10
[5749] - 10
[5779] - 10
[5783] - 10
[5791] - 10
[5801] - 10
[5807] - 10
[5813] - 10
[5821] - 10
[5827] - 10
[5839] - 10
[5843] - 10
[5849] - 10
[5851] - 10
[5857] - 10
[5861] - 10
[5867] - 10
[5869] - 10
[5879] - 10
[5881] - 10
[5897] - 10
[5903] - 10
[5923] - 10
[5927] - 10
[5939] - 10
[5953] - 10
[5981] - 10
[5987] - 10
[6007] - 10
[6011] - 10
[6029] - 10
[6037] - 10
[6043] - 10
[6047] - 10
[6053] - 10
[6067] - 10
[6073] - 10
[6079] - 10
[6089] - 10
[6091] - 10
[6101] - 10
[6113] - 10
[6121] - 10
[6131] - 10
[6133] - 10
[6143] - 10
[6151] - 10
[6163] - 10
[6173] - 10
[6197] - 10
[6199] - 10
[6203] - 10
[6211] - 10
[6217] - 10
[6221] - 10
[6229] - 10
[6247] - 10
[6257] - 10
[6263] - 10
[6269] - 10
[6271] - 10
[6277] - 10
[6287] - 10
[6299] - 10
[6301] - 10
[6311] - 10
[6317] - 10
[6323] - 10
[6329] - 10
[6337] - 10
[6343] - 10
[6353] - 10
[6359] - 10
[6361] - 10
[6367] - 10
[6373] - 10
[6379] - 10
[6389] - 10
[6397] - 10
[6421] - 10
[6427] - 10
[6449] - 10
[6451] - 10
[6469] - 10
[6473] - 10
[6481] - 10
[6491] - 10
[6521] - 10
[6529] - 10
[6547] - 10
[6551] - 10
[6553] - 10
[6563] - 10
[6569] - 10
[6571] - 10
[6577] - 10
[6581] - 10
[6599] - 10
[6607] - 10
[6619] - 10
[6637] - 10
[6653] - 10
[6659] - 10
[6661] - 10
[6673] - 10
[6679] - 10
[6689] - 10
[6691] - 10
[6701] - 10
[6703] - 10
[6709] - 10
[6719] - 10
[6733] - 10
[6737] - 10
[6761] - 10
[6763] - 10
[6779] - 10
[6781] - 10
[6791] - 10
[6793] - 10
[6803] - 10
[6823] - 10
[6827] - 10
[6829] - 10
[6833] - 10
[6841] - 10
[6857] - 10
[6863] - 10
[6869] - 10
[6871] - 10
[6883] - 10
[6899] - 10
[6907] - 10
[6911] - 10
[6917] - 10
[6947] - 10
[6949] - 10
[6959] - 10
[6961] - 10
[6967] - 10
[6971] - 10
[6977] - 10
[6983] - 10
[6991] - 10
[6997] - 10
[7001] - 10
[7013] - 10
[7019] - 10
[7027] - 10
[7039] - 10
[7043] - 10
[7057] - 10
[7069] - 10
[7079] - 10
[7103] - 10
[7109] - 10
[7121] - 10
[7127] - 10
[7129] - 10
[7151] - 10
[7159] - 10
[7177] - 10
[7187] - 10
[7193] - 10
[7207] - 10
[7211] - 10
[7213] - 10
[7219] - 10
[7229] - 10
[7237] - 10
[7243] - 10
[7247] - 10
[7253] - 10
[7283] - 10
[7297] - 10
[7307] - 10
[7309] - 10
[7321] - 10
[7331] - 10
[7333] - 10
[7349] - 10
[7351] - 10
[7369] - 10
[7393] - 10
[7411] - 10
[7417] - 10
[7433] - 10
[7451] - 10
[7457] - 10
[7459] - 10
[7477] - 10
[7481] - 10
[7487] - 10
[7489] - 10
[7499] - 10
[7507] - 10
[7517] - 10
[7523] - 10
[7529] - 10
[7537] - 10
[7541] - 10
[7547] - 10
[7549] - 10
[7559] - 10
[7561] - 10
[7573] - 10
[7577] - 10
[7583] - 10
[7589] - 10
[7591] - 10
[7603] - 10
[7607] - 10
[7621] - 10
[7639] - 10
[7643] - 10
[7649] - 10
[7669] - 10
[7673] - 10
[7681] - 10
[7687] - 10
[7691] - 10
[7699] - 10
[7703] - 10
[7717] - 10
[7723] - 10
[7727] - 10
[7741] - 10
[7753] - 10
[7757] - 10
[7759] - 10
[7789] - 10
[7793] - 10
[7817] - 10
[7823] - 10
[7829] - 10
[7841] - 10
[7853] - 10
[7867] - 10
[7873] - 10
[7877] - 10
[7879] - 10
[7883] - 9
[7901] - 9
[7907] - 9
[7919] - 9
[7927] - 9
[7933] - 9
[7937] - 9
[7949] - 9
[7951] - 9
[7963] - 9
[7993] - 9
[8009] - 9
[8011] - 9
[8017] - 9
[8039] - 9
[8053] - 9
[8059] - 9
[8069] - 9
[8081] - 9
[8087] - 9
[8089] - 9
[8093] - 9
[8101] - 9
[8111] - 9
[8117] - 9
[8123] - 9
[8147] - 9
[8161] - 9
[8167] - 9
[8171] - 9
[8179] - 9
[8191] - 9
[8209] - 9
[8219] - 9
[8221] - 9
[8231] - 9
[8233] - 9
[8237] - 9
[8243] - 9
[8263] - 9
[8269] - 9
[8273] - 9
[8287] - 9
[8291] - 9
[8293] - 9
[8297] - 9
[8311] - 9
[8317] - 9
[8329] - 9
[8353] - 9
[8363] - 9
[8369] - 9
[8377] - 9
[8387] - 9
[8389] - 9
[8419] - 9
[8423] - 9
[8429] - 9
[8431] - 9
[8443] - 9
[8447] - 9
[8461] - 9
[8467] - 9
[8501] - 9
[8513] - 9
[8521] - 9
[8527] - 9
[8537] - 9
[8539] - 9
[8543] - 9
[8563] - 9
[8573] - 9
[8581] - 9
[8597] - 9
[8599] - 9
[8609] - 9
[8623] - 9
[8627] - 9
[8629] - 9
[8641] - 9
[8647] - 9
[8663] - 9
[8669] - 9
[8677] - 9
[8681] - 9
[8689] - 9
[8693] - 9
[8699] - 9
[8707] - 9
[8713] - 9
[8719] - 9
[8731] - 9
[8737] - 9
[8741] - 9
[8747] - 9
[8753] - 9
[8761] - 9
[8779] - 9
[8783] - 9
[8803] - 9
[8807] - 9
[8819] - 9
[8821] - 9
[8831] - 9
[8837] - 9
[8839] - 9
[8849] - 9
[8861] - 9
[8863] - 9
[8867] - 9
[8887] - 9
[8893] - 9
[8923] - 9
[8929] - 9
[8933] - 9
[8941] - 9
[8951] - 9
[8963] - 9
[8969] - 9
[8971] - 9
[8999] - 9
[9001] - 9
[9007] - 9
[9011] - 9
[9013] - 9
[9029] - 9
[9041] - 9
[9043] - 9
[9049] - 9
[9059] - 9
[9067] - 9
[9091] - 9
[9103] - 9
[9109] - 9
[9127] - 9
[9133] - 9
[9137] - 9
[9151] - 9
[9157] - 9
[9161] - 9
[9173] - 9
[9181] - 9
[9187] - 9
[9199] - 9
[9203] - 9
[9209] - 9
[9221] - 9
[9227] - 9
[9239] - 9
[9241] - 9
[9257] - 9
[9277] - 9
[9281] - 9
[9283] - 9
[9293] - 9
[9311] - 9
[9319] - 9
[9323] - 9
[9337] - 9
[9341] - 9
[9343] - 9
[9349] - 9
[9371] - 9
[9377] - 9
[9391] - 9
[9397] - 9
[9403] - 9
[9413] - 9
[9419] - 9
[9421] - 9
[9431] - 9
[9433] - 9
[9437] - 9
[9439] - 9
[9461] - 9
[9463] - 9
[9467] - 9
[9473] - 9
[9479] - 9
[9491] - 9
[9497] - 9
[9511] - 9
[9521] - 9
[9533] - 9
[9539] - 9
[9547] - 9
[9551] - 9
[9587] - 9
[9601] - 9
[9613] - 9
[9619] - 9
[9623] - 9
[9629] - 9
[9631] - 9
[9643] - 9
[9649] - 9
[9661] - 9
[9677] - 9
[9679] - 9
[9689] - 9
[9697] - 9
[9719] - 9
[9721] - 9
[9733] - 9
[9739] - 9
[9743] - 9
[9749] - 9
[9767] - 9
[9769] - 9
[9781] - 9
[9787] - 9
[9791] - 9
[9803] - 9
[9811] - 9
[9817] - 9
[9829] - 9
[9833] - 9
[9839] - 9
[9851] - 9
[9857] - 9
[9859] - 9
[9871] - 9
[9883] - 9
[9887] - 9
[9901] - 9
[9907] - 9
[9923] - 9
[9929] - 9
[9931] - 9
[9941] - 9
[9949] - 9
[9967] - 9
[9973] - 9
[!] Small B