Started calculating 22079925932281979779 with x = 2.
[i] [Time] a -- b -- GCD(a-b, n):
Used function: f(x) = x^2 - 1 (mod n)[1] [5800] 3 -- 63 -- 1
[2] [13100] 8 -- 3968 -- 1
[3] [16200] 63 -- 15745023 -- 1
[4] [20400] 3968 -- 247905749270528 -- 1
[5] [24400] 15745023 -- 2730381167217925522 -- 1
[6] [27800] 247905749270528 -- 18253268417393948594 -- 1
[7] [31500] 2730381167217925522 -- 10615829489577512942 -- 1
[8] [34200] 18253268417393948594 -- 20386505155920404327 -- 1
[9] [37000] 10615829489577512942 -- 12890672179588766319 -- 1
[10] [39500] 20386505155920404327 -- 6368784545942944421 -- 1
[11] [42100] 12890672179588766319 -- 20702506974273038913 -- 1
[12] [47300] 6368784545942944421 -- 18802836787903911618 -- 1
[13] [49800] 20702506974273038913 -- 4294732596523975698 -- 1
[14] [52300] 18802836787903911618 -- 9215688884374014430 -- 1
[15] [54900] 4294732596523975698 -- 7355753185487895169 -- 1
[16] [57300] 9215688884374014430 -- 11459760677345493307 -- 1
[17] [59800] 7355753185487895169 -- 9641855586323182603 -- 1
[18] [62700] 11459760677345493307 -- 933258325634054383 -- 1
[19] [65200] 9641855586323182603 -- 7492097559949607914 -- 1
[20] [67600] 933258325634054383 -- 4643473730153784484 -- 1
[21] [70000] 7492097559949607914 -- 15743612638491301861 -- 1
[22] [72500] 4643473730153784484 -- 18028716055483409856 -- 1
[23] [76200] 15743612638491301861 -- 2369212918085447219 -- 1
[24] [78500] 18028716055483409856 -- 21033196081692392117 -- 1
[25] [81000] 2369212918085447219 -- 11812484126634585311 -- 1
[26] [83300] 21033196081692392117 -- 8073783749892161247 -- 1
[27] [85700] 11812484126634585311 -- 13211166193044262263 -- 1
[28] [88000] 8073783749892161247 -- 20689242383996899612 -- 1

---

[961084690] [2407669794200] 20716894262022412250 -- 7391211491017635983 -- 1
[961084691] [2407669796500] 13039752008450484648 -- 6559747739794434283 -- 1
[961084692] [2407669798800] 7391211491017635983 -- 9194653082121070027 -- 1
[961084693] [2407669801100] 6559747739794434283 -- 2631743991024259779 -- 1
[961084694] [2407669803400] 9194653082121070027 -- 1788406401179634301 -- 1
[961084695] [2407669805700] 2631743991024259779 -- 3563476060554695059 -- 1
[961084696] [2407669808000] 1788406401179634301 -- 12420383587994563163 -- 1
[961084697] [2407669810300] 3563476060554695059 -- 1210824540725662163 -- 1
[961084698] [2407669812600] 12420383587994563163 -- 11885174653535023392 -- 1
[961084699] [2407669815100] 1210824540725662163 -- 9792764545463408529 -- 1
[961084700] [2407669817400] 11885174653535023392 -- 8958215242480403924 -- 1
[961084701] [2407669819900] 9792764545463408529 -- 18407214357734723689 -- 1
[961084702] [2407669822300] 8958215242480403924 -- 21916253692434829127 -- 1
[961084703] [2407669824800] 18407214357734723689 -- 2779290177240119661 -- 1
[961084704] [2407669827200] 21916253692434829127 -- 20335312258389092974 -- 1
[961084705] [2407669829600] 2779290177240119661 -- 1771474896144274842 -- 1
[961084706] [2407669832000] 20335312258389092974 -- 14218955741425535047 -- 1
[961084707] [2407669834300] 1771474896144274842 -- 11115858928526036218 -- 1
[961084708] [2407669836700] 14218955741425535047 -- 14897453860856014467 -- 1
[961084709] [2407669839000] 11115858928526036218 -- 21292133565420812106 -- 1