Started calculating 22079925932281979779 with x = 2.
[i] [Time] a -- b -- GCD(a-b, n):
Used function: f(x) = x^2 + 1 (mod n)[1] [4500] 5 -- 677 -- 1
[2] [9500] 26 -- 458330 -- 1
[3] [13700] 677 -- 210066388901 -- 1
[4] [17600] 458330 -- 12195733206780389360 -- 1
[5] [21000] 210066388901 -- 2044994757156438427 -- 1
[6] [24300] 12195733206780389360 -- 2095270136390787445 -- 1
[7] [27300] 2044994757156438427 -- 5972505489502730010 -- 1
[8] [29900] 2095270136390787445 -- 10810712223326998484 -- 1
[9] [32500] 5972505489502730010 -- 4024795561276221712 -- 1
[10] [35000] 10810712223326998484 -- 12136519427093007976 -- 1
[11] [39000] 4024795561276221712 -- 11259088256280556205 -- 1
[12] [41700] 12136519427093007976 -- 1058456369429561757 -- 1
[13] [44400] 11259088256280556205 -- 9534882289163361110 -- 1
[14] [46800] 1058456369429561757 -- 4182761692814729225 -- 1
[15] [49500] 9534882289163361110 -- 14262223578859170736 -- 1
[16] [52000] 4182761692814729225 -- 17771820656123162880 -- 1
[17] [54600] 14262223578859170736 -- 21151208738336264610 -- 1
[18] [57100] 17771820656123162880 -- 627872970029255040 -- 1
[19] [59500] 21151208738336264610 -- 19125173582984126433 -- 1
[20] [61900] 627872970029255040 -- 16300257513317806918 -- 1
[21] [64200] 19125173582984126433 -- 8428942140858769206 -- 1
[22] [66600] 16300257513317806918 -- 13862172007963306236 -- 1
[23] [69200] 8428942140858769206 -- 4332790641452961467 -- 1
[24] [71500] 13862172007963306236 -- 4050482568165410331 -- 1
[25] [73900] 4332790641452961467 -- 18316447217853214298 -- 1
[26] [76300] 4050482568165410331 -- 3617367825474710042 -- 1
[27] [78700] 18316447217853214298 -- 11736937771166930492 -- 1
[28] [81100] 3617367825474710042 -- 19817696450335654239 -- 1

---

[979714876] [2310017433000] 10070218601238769845 -- 17953052665523030256 -- 1
[979714877] [2310017443000] 12172222156476287816 -- 18662448854082465381 -- 1
[979714878] [2310017452500] 17953052665523030256 -- 15504964527575433696 -- 1
[979714879] [2310017462300] 18662448854082465381 -- 6840081913507364538 -- 1
[979714880] [2310017472500] 15504964527575433696 -- 941073899843484477 -- 1
[979714881] [2310017482500] 6840081913507364538 -- 12874234837589632669 -- 1
[979714882] [2310017492700] 941073899843484477 -- 19503790920795775566 -- 1
[979714883] [2310017502500] 12874234837589632669 -- 21001094717601431451 -- 1
[979714884] [2310017512000] 19503790920795775566 -- 11000407947957142798 -- 1
[979714885] [2310017521500] 21001094717601431451 -- 14490526192698078312 -- 1
[979714886] [2310017531300] 11000407947957142798 -- 1317448686276981750 -- 1
[979714887] [2310017542300] 14490526192698078312 -- 8928517040045789046 -- 1
[979714888] [2310017551800] 1317448686276981750 -- 12556400920533672728 -- 1
[979714889] [2310017561600] 8928517040045789046 -- 1273274372344683198 -- 1
[979714890] [2310017571200] 12556400920533672728 -- 2343824101022614451 -- 1
[979714891] [2310017581400] 1273274372344683198 -- 21622141341866743401 -- 1
[979714892] [2310017591100] 2343824101022614451 -- 15312058889804894944 -- 1
[979714893] [2310017600800] 21622141341866743401 -- 6827136633109723354 -- 1
[979714894] [2310017610600] 15312058889804894944 -- 382307349191016364 -- 1
[979714895] [2310017620300] 6827136633109723354 -- 14273358085563199193 -- 1