Started calculating 22079925932281979779 with x = 2.
[i] [Time] a -- b -- GCD(a-b, n):
Used function: f(x) = x^2 + 3 (mod n)[1] [6800] 7 -- 2707 -- 1
[2] [13600] 52 -- 7327852 -- 1
[3] [18600] 2707 -- 53697414933907 -- 1
[4] [23100] 7327852 -- 9790142919821942938 -- 1
[5] [26700] 53697414933907 -- 625977995723474789 -- 1
[6] [30500] 9790142919821942938 -- 4906664835745972527 -- 1
[7] [34000] 625977995723474789 -- 14150564184495542632 -- 1
[8] [36800] 4906664835745972527 -- 17358109069403734060 -- 1
[9] [39600] 14150564184495542632 -- 4438916585203388595 -- 1
[10] [42100] 17358109069403734060 -- 9621106149404808297 -- 1
[11] [44800] 4438916585203388595 -- 8645214774669905562 -- 1
[12] [47400] 9621106149404808297 -- 13841631583969359191 -- 1
[13] [50000] 8645214774669905562 -- 15756524338469050722 -- 1
[14] [52400] 13841631583969359191 -- 15282029086946786044 -- 1
[15] [58400] 15756524338469050722 -- 4792506970813856131 -- 1
[16] [61000] 15282029086946786044 -- 20615664036124942481 -- 1
[17] [64100] 4792506970813856131 -- 10835829172300346554 -- 1
[18] [66500] 20615664036124942481 -- 11780850145469072448 -- 1
[19] [69000] 10835829172300346554 -- 5048442907726474148 -- 1
[20] [71500] 11780850145469072448 -- 6304312441193108355 -- 1
[21] [73900] 5048442907726474148 -- 16456646765193367137 -- 1
[22] [76400] 6304312441193108355 -- 16530844580595940937 -- 1
[23] [79400] 16456646765193367137 -- 480403041345446765 -- 1
[24] [82000] 16530844580595940937 -- 11991768261688740346 -- 1
[25] [84400] 480403041345446765 -- 3461730196745688231 -- 1
[26] [86900] 11991768261688740346 -- 620138108502981216 -- 1
[27] [89500] 3461730196745688231 -- 15786210043509092338 -- 1
[28] [92100] 620138108502981216 -- 18290247717989580200 -- 1

---

[786039355] [2010795045500] 8237659688269758706 -- 3904346775958499970 -- 1
[786039356] [2010795047900] 759165775956692620 -- 7385236393033849670 -- 1
[786039357] [2010795050200] 3904346775958499970 -- 9730364387995738436 -- 1
[786039358] [2010795052600] 7385236393033849670 -- 13409415653037086893 -- 1
[786039359] [2010795054800] 9730364387995738436 -- 21278837709501538869 -- 1
[786039360] [2010795057100] 13409415653037086893 -- 14058298582963437031 -- 1
[786039361] [2010795059400] 21278837709501538869 -- 5292511069215970746 -- 1
[786039362] [2010795061800] 14058298582963437031 -- 19198380120155268058 -- 1
[786039363] [2010795064100] 5292511069215970746 -- 12153252390633673093 -- 1
[786039364] [2010795066400] 19198380120155268058 -- 10763401891345885939 -- 1
[786039365] [2010795068700] 12153252390633673093 -- 7587029393807166968 -- 1
[786039366] [2010795071000] 10763401891345885939 -- 8467430415783687409 -- 1
[786039367] [2010795073300] 7587029393807166968 -- 8688181953911419741 -- 1
[786039368] [2010795075700] 8467430415783687409 -- 5355774238871395718 -- 1
[786039369] [2010795078100] 8688181953911419741 -- 559430382209621616 -- 1
[786039370] [2010795081700] 5355774238871395718 -- 2268995783299318729 -- 1
[786039371] [2010795084100] 559430382209621616 -- 13944190222646095578 -- 1
[786039372] [2010795086300] 2268995783299318729 -- 20183636429480671665 -- 1
[786039373] [2010795088700] 13944190222646095578 -- 985578604421358957 -- 1
[786039374] [2010795091100] 20183636429480671665 -- 8443845877775862493 -- 1