Started calculating 22079925932281979779 with x = 2.
[i] [Time] a -- b -- GCD(a-b, n):
Used function: f(x) = x^2 + 5 (mod n)[1] [6000] 9 -- 7401 -- 1
[2] [12900] 86 -- 54774806 -- 1
[3] [18500] 7401 -- 3000279372337641 -- 1
[4] [23000] 54774806 -- 7431419256667165898 -- 1
[5] [26900] 3000279372337641 -- 20884243402858171502 -- 1
[6] [30700] 7431419256667165898 -- 9400722680240027015 -- 1
[7] [33800] 20884243402858171502 -- 19100452032293458026 -- 1
[8] [37000] 9400722680240027015 -- 13788147901173400509 -- 1
[9] [39600] 19100452032293458026 -- 4770349899824219917 -- 1
[10] [42200] 13788147901173400509 -- 19378324400794926116 -- 1
[11] [46700] 4770349899824219917 -- 19585642667915775510 -- 1
[12] [49400] 19378324400794926116 -- 12994819852340682799 -- 1
[13] [52000] 19585642667915775510 -- 19973219429476059285 -- 1
[14] [54600] 12994819852340682799 -- 17052955994624814209 -- 1
[15] [57200] 19973219429476059285 -- 6326414888377306151 -- 1
[16] [59700] 17052955994624814209 -- 12243657784360826545 -- 1
[17] [62300] 6326414888377306151 -- 3245396204059963173 -- 1
[18] [64800] 12243657784360826545 -- 17572000067160387650 -- 1
[19] [67400] 3245396204059963173 -- 299965397818115600 -- 1
[20] [70200] 17572000067160387650 -- 13537055228116172037 -- 1
[21] [72900] 299965397818115600 -- 15268444967926518710 -- 1
[22] [75600] 13537055228116172037 -- 2848392780367753053 -- 1
[23] [79000] 15268444967926518710 -- 19134415531498710869 -- 1
[24] [81600] 2848392780367753053 -- 14070811725040501760 -- 1
[25] [84100] 19134415531498710869 -- 16902809132366081070 -- 1
[26] [86600] 14070811725040501760 -- 3435325958303512013 -- 1
[27] [89300] 16902809132366081070 -- 17095258316370729912 -- 1
[28] [91800] 3435325958303512013 -- 1050334184663050280 -- 1

---

[838944196] [2088336066300] 8746120029173877651 -- 14383425349717282110 -- 1
[838944197] [2088336069000] 12872814835312001957 -- 3503213210088612819 -- 1
[838944198] [2088336071600] 14383425349717282110 -- 9590441524080470507 -- 1
[838944199] [2088336074200] 3503213210088612819 -- 928471179785197325 -- 1
[838944200] [2088336076800] 9590441524080470507 -- 12639330665439509988 -- 1
[838944201] [2088336079400] 928471179785197325 -- 3042794025249543533 -- 1
[838944202] [2088336082000] 12639330665439509988 -- 16909026664803003854 -- 1
[838944203] [2088336084700] 3042794025249543533 -- 11130887046803564395 -- 1
[838944204] [2088336087300] 16909026664803003854 -- 10891066046860835541 -- 1
[838944205] [2088336089900] 11130887046803564395 -- 16182174276197717305 -- 1
[838944206] [2088336092500] 10891066046860835541 -- 6916997692552702599 -- 1
[838944207] [2088336095100] 16182174276197717305 -- 17848976908923954391 -- 1
[838944208] [2088336097800] 6916997692552702599 -- 3283266957997885612 -- 1
[838944209] [2088336100500] 17848976908923954391 -- 20561593265003067206 -- 1
[838944210] [2088336103200] 3283266957997885612 -- 21887507187165327284 -- 1
[838944211] [2088336105800] 20561593265003067206 -- 837159105517778617 -- 1
[838944212] [2088336108400] 21887507187165327284 -- 18909710090810050432 -- 1
[838944213] [2088336111200] 837159105517778617 -- 16850778977748305601 -- 1
[838944214] [2088336113800] 18909710090810050432 -- 20871246426582090740 -- 1
[838944215] [2088336116400] 16850778977748305601 -- 9866554587232460084 -- 1